<?xml version="1.0" encoding="UTF-8"?>
<!-- Generated by org.testng.reporters.JUnitReportReporter -->
<testsuite hostname="LAPTOP-2LENA3S1" failures="0" tests="13" name="test.NationalityTest" time="15.166" errors="0" timestamp="2024-05-25T18:19:44 IST" skipped="0">
  <testcase classname="test.NationalityTest" name="login_TestCase_with_Valid_Usernmae_Valid_Password" time="4.386"/>
  <system-out/>
  <testcase classname="test.NationalityTest" name="TestCase_Move_to_Nationality_in_Admin_dropdown" time="3.227"/>
  <system-out/>
  <testcase classname="test.NationalityTest" name="Testcase_Nationality_page_moving_to_iframe" time="0.039"/>
  <system-out/>
  <testcase classname="test.NationalityTest" name="Testcase_validate_allcheckbox" time="0.085"/>
  <system-out/>
  <testcase classname="test.NationalityTest" name="Validating_testcase_SearchBy_Selecting_Id" time="0.112"/>
  <system-out/>
  <testcase classname="test.NationalityTest" name="Testcase_Enter_Id_SearchFor_inputbox" time="0.064"/>
  <system-out/>
  <testcase classname="test.NationalityTest" name="Testcase_validate_search_bttn" time="1.718"/>
  <system-out/>
  <testcase classname="test.NationalityTest" name="Testcase_validate_reset_bttn" time="0.101"/>
  <system-out/>
  <testcase classname="test.NationalityTest" name="Testcase_Validate_Add_bttn" time="1.765"/>
  <system-out/>
  <testcase classname="test.NationalityTest" name="Testcase_Entertxt_nameinputbox" time="0.068"/>
  <system-out/>
  <testcase classname="test.NationalityTest" name="Testcase_validate_Reset_bttn" time="0.075"/>
  <system-out/>
  <testcase classname="test.NationalityTest" name="Testcase_validate_save_bttn" time="3.430"/>
  <system-out/>
  <testcase classname="test.NationalityTest" name="Validating_testcase_SearchBy_Selecting_Name" time="0.096"/>
  <system-out/>
</testsuite> <!-- test.NationalityTest -->
