<?xml version="1.0" encoding="UTF-8"?>
<!-- Generated by org.testng.reporters.JUnitReportReporter -->
<testsuite hostname="LAPTOP-2LENA3S1" failures="0" tests="5" name="test.LoginTest" time="9.339" errors="0" timestamp="2024-05-31T14:56:48 IST" skipped="0">
  <testcase classname="test.LoginTest" name="login_TestCase_without_entering_credentials" time="0.042"/>
  <system-out/>
  <testcase classname="test.LoginTest" name="login_TestCase_with_Valid_Usernmae_Invalid_Password" time="1.588"/>
  <system-out/>
  <testcase classname="test.LoginTest" name="login_TestCase_with_Invalid_Usernmae_valid_Password" time="1.433"/>
  <system-out/>
  <testcase classname="test.LoginTest" name="login_TestCase_with_Valid_Usernmae_Valid_Password" time="4.821"/>
  <system-out/>
  <testcase classname="test.LoginTest" name="login_TestCase_with_Invalid_Usernmae_Invalid_Password" time="1.455"/>
  <system-out/>
</testsuite> <!-- test.LoginTest -->
