<?xml version="1.0" encoding="UTF-8"?>
<!-- Generated by org.testng.reporters.JUnitReportReporter -->
<testsuite hostname="LAPTOP-2LENA3S1" failures="0" tests="13" name="test.Skills_LanguagesTest" time="15.591" errors="0" timestamp="2024-05-25T17:17:38 IST" skipped="0">
  <testcase classname="test.Skills_LanguagesTest" name="login_TestCase_with_Valid_Usernmae_Valid_Password" time="4.490"/>
  <system-out/>
  <testcase classname="test.Skills_LanguagesTest" name="Skills_TestCase_Move_to_Skills_in_Admin_dropdown" time="3.243"/>
  <system-out/>
  <testcase classname="test.Skills_LanguagesTest" name="Testcase_Languages_page_moving_to_iframe" time="0.026"/>
  <system-out/>
  <testcase classname="test.Skills_LanguagesTest" name="Testcase_validate_allcheckbox" time="0.097"/>
  <system-out/>
  <testcase classname="test.Skills_LanguagesTest" name="Validating_testcase_SearchBy_Selecting_Id" time="0.108"/>
  <system-out/>
  <testcase classname="test.Skills_LanguagesTest" name="Testcase_Enter_Id_SearchFor_inputbox" time="0.074"/>
  <system-out/>
  <testcase classname="test.Skills_LanguagesTest" name="Testcase_validate_search_bttn" time="1.839"/>
  <system-out/>
  <testcase classname="test.Skills_LanguagesTest" name="Testcase_validate_reset_bttn" time="0.096"/>
  <system-out/>
  <testcase classname="test.Skills_LanguagesTest" name="Testcase_Validate_Add_bttn" time="1.796"/>
  <system-out/>
  <testcase classname="test.Skills_LanguagesTest" name="Testcase_Entertxt_nameinputbox" time="0.084"/>
  <system-out/>
  <testcase classname="test.Skills_LanguagesTest" name="Testcase_validate_Reset_bttn" time="0.089"/>
  <system-out/>
  <testcase classname="test.Skills_LanguagesTest" name="Testcase_validate_save_bttn" time="3.547"/>
  <system-out/>
  <testcase classname="test.Skills_LanguagesTest" name="Validating_testcase_SearchBy_Selecting_Name" time="0.102"/>
  <system-out/>
</testsuite> <!-- test.Skills_LanguagesTest -->
